Build started 12/26/2015 9:03:49 PM.
     1>Project "c:\Users\andy\documents\visual studio 2015\Projects\nearbystars\nearbystars\nearbystars.vcxproj" on node 2 (Build target(s)).
     1>ClCompile:
         C:\Program Files (x86)\Microsoft Visual Studio 14.0\VC\bin\CL.exe /c /ZI /nologo /W3 /WX- /sdl /Od /Oy- /D _MBCS /Gm /EHsc /RTC1 /MDd /GS /fp:precise /Zc:wchar_t /Zc:forScope /Zc:inline /Fo"Debug\\" /Fd"Debug\vc140.pdb" /Gd /TP /analyze- /errorReport:prompt Source.cpp StarNearEarth.cpp
         StarNearEarth.cpp
         Source.cpp
     1>c:\users\andy\documents\visual studio 2015\projects\nearbystars\nearbystars\source.cpp(62): warning C4244: '=': conversion from 'double' to 'int', possible loss of data
     1>c:\users\andy\documents\visual studio 2015\projects\nearbystars\nearbystars\source.cpp(63): warning C4244: '=': conversion from 'double' to 'int', possible loss of data
     1>c:\users\andy\documents\visual studio 2015\projects\nearbystars\nearbystars\source.cpp(64): warning C4244: '=': conversion from 'double' to 'int', possible loss of data
     1>c:\users\andy\documents\visual studio 2015\projects\nearbystars\nearbystars\source.cpp(99): warning C4244: '=': conversion from 'double' to 'int', possible loss of data
     1>c:\users\andy\documents\visual studio 2015\projects\nearbystars\nearbystars\source.cpp(100): warning C4244: '=': conversion from 'double' to 'int', possible loss of data
     1>c:\users\andy\documents\visual studio 2015\projects\nearbystars\nearbystars\source.cpp(109): warning C4244: '=': conversion from 'double' to 'int', possible loss of data
     1>c:\users\andy\documents\visual studio 2015\projects\nearbystars\nearbystars\source.cpp(110): warning C4244: '=': conversion from 'double' to 'int', possible loss of data
     1>c:\users\andy\documents\visual studio 2015\projects\nearbystars\nearbystars\source.cpp(129): warning C4244: '=': conversion from 'double' to 'int', possible loss of data
     1>c:\users\andy\documents\visual studio 2015\projects\nearbystars\nearbystars\source.cpp(130): warning C4244: '=': conversion from 'double' to 'int', possible loss of data
     1>c:\users\andy\documents\visual studio 2015\projects\nearbystars\nearbystars\source.cpp(140): warning C4244: '=': conversion from 'double' to 'int', possible loss of data
     1>c:\users\andy\documents\visual studio 2015\projects\nearbystars\nearbystars\source.cpp(141): warning C4244: '=': conversion from 'double' to 'int', possible loss of data
     1>c:\users\andy\documents\visual studio 2015\projects\nearbystars\nearbystars\source.cpp(94): warning C4101: 'convertRank': unreferenced local variable
         Generating Code...
       Link:
         C:\Program Files (x86)\Microsoft Visual Studio 14.0\VC\bin\link.exe /ERRORREPORT:PROMPT /OUT:"c:\users\andy\documents\visual studio 2015\Projects\nearbystars\Debug\nearbystars.exe" /INCREMENTAL /NOLOGO kernel32.lib user32.lib gdi32.lib winspool.lib comdlg32.lib advapi32.lib shell32.lib ole32.lib oleaut32.lib uuid.lib odbc32.lib odbccp32.lib /MANIFEST /MANIFESTUAC:"level='asInvoker' uiAccess='false'" /manifest:embed /Debug /PDB:"c:\users\andy\documents\visual studio 2015\Projects\nearbystars\Debug\nearbystars.pdb" /TLBID:1 /DYNAMICBASE /NXCOMPAT /IMPLIB:"c:\users\andy\documents\visual studio 2015\Projects\nearbystars\Debug\nearbystars.lib" /MACHINE:X86 Debug\Source.obj
         Debug\StarNearEarth.obj
         nearbystars.vcxproj -> c:\users\andy\documents\visual studio 2015\Projects\nearbystars\Debug\nearbystars.exe
     1>Done Building Project "c:\Users\andy\documents\visual studio 2015\Projects\nearbystars\nearbystars\nearbystars.vcxproj" (Build target(s)).

Build succeeded.

Time Elapsed 00:00:03.99
